2024-08-04T00:02:52.963+05:30 DEBUG 22980 --- [http-nio-4445-exec-7] o.s.web.servlet.DispatcherServlet        : GET "/task/api/v1/list", parameters={}
2024-08-04T00:02:52.973+05:30 DEBUG 22980 --- [http-nio-4445-exec-7] s.w.s.m.m.a.RequestMappingHandlerMapping : Mapped to com.gulsahduzgun.todo.controller.api.impl.TaskApi#taskList()
2024-08-04T00:02:52.979+05:30  INFO 22980 --- [http-nio-4445-exec-7] c.g.t.b.services.impl.TaskServicesImpl   :  Category Name Listesi: 6
2024-08-04T00:02:52.979+05:30 DEBUG 22980 --- [http-nio-4445-exec-7] o.s.w.s.m.m.a.HttpEntityMethodProcessor  : Using 'application/json', given [*/*] and supported [application/json, application/*+json]
2024-08-04T00:02:52.980+05:30 DEBUG 22980 --- [http-nio-4445-exec-7] o.s.w.s.m.m.a.HttpEntityMethodProcessor  : Writing [[TaskDto(taskID=1, systemCreatedDate=Sun Aug 04 00:02:52 IST 2024, statusName=Done, task=week-1, tas (truncated)...]
2024-08-04T00:02:52.981+05:30 DEBUG 22980 --- [http-nio-4445-exec-7] o.s.web.servlet.DispatcherServlet        : Completed 200 OK
2024-08-04T00:02:54.885+05:30 DEBUG 22980 --- [http-nio-4445-exec-3] o.s.web.servlet.DispatcherServlet        : GET "/task/api/v1/list", parameters={}
2024-08-04T00:02:54.885+05:30 DEBUG 22980 --- [http-nio-4445-exec-3] s.w.s.m.m.a.RequestMappingHandlerMapping : Mapped to com.gulsahduzgun.todo.controller.api.impl.TaskApi#taskList()
2024-08-04T00:02:54.887+05:30  INFO 22980 --- [http-nio-4445-exec-3] c.g.t.b.services.impl.TaskServicesImpl   :  Category Name Listesi: 6
2024-08-04T00:02:54.887+05:30 DEBUG 22980 --- [http-nio-4445-exec-3] o.s.w.s.m.m.a.HttpEntityMethodProcessor  : Using 'application/json', given [*/*] and supported [application/json, application/*+json]
2024-08-04T00:02:54.888+05:30 DEBUG 22980 --- [http-nio-4445-exec-3] o.s.w.s.m.m.a.HttpEntityMethodProcessor  : Writing [[TaskDto(taskID=1, systemCreatedDate=Sun Aug 04 00:02:54 IST 2024, statusName=Done, task=week-1, tas (truncated)...]
2024-08-04T00:02:54.888+05:30 DEBUG 22980 --- [http-nio-4445-exec-3] o.s.web.servlet.DispatcherServlet        : Completed 200 OK
2024-08-04T00:05:03.883+05:30 DEBUG 22980 --- [http-nio-4445-exec-6] o.s.web.servlet.DispatcherServlet        : GET "/task/api/v1/list", parameters={}
2024-08-04T00:05:03.884+05:30 DEBUG 22980 --- [http-nio-4445-exec-6] s.w.s.m.m.a.RequestMappingHandlerMapping : Mapped to com.gulsahduzgun.todo.controller.api.impl.TaskApi#taskList()
2024-08-04T00:05:03.887+05:30  INFO 22980 --- [http-nio-4445-exec-6] c.g.t.b.services.impl.TaskServicesImpl   :  Category Name Listesi: 6
2024-08-04T00:05:03.888+05:30 DEBUG 22980 --- [http-nio-4445-exec-6] o.s.w.s.m.m.a.HttpEntityMethodProcessor  : Using 'application/json', given [*/*] and supported [application/json, application/*+json]
2024-08-04T00:05:03.888+05:30 DEBUG 22980 --- [http-nio-4445-exec-6] o.s.w.s.m.m.a.HttpEntityMethodProcessor  : Writing [[TaskDto(taskID=1, systemCreatedDate=Sun Aug 04 00:05:03 IST 2024, statusName=Done, task=week-1, tas (truncated)...]
2024-08-04T00:05:03.888+05:30 DEBUG 22980 --- [http-nio-4445-exec-6] o.s.web.servlet.DispatcherServlet        : Completed 200 OK
2024-08-04T00:05:35.344+05:30 DEBUG 22980 --- [http-nio-4445-exec-9] o.s.web.servlet.DispatcherServlet        : GET "/task/api/v1/list", parameters={}
2024-08-04T00:05:35.344+05:30 DEBUG 22980 --- [http-nio-4445-exec-9] s.w.s.m.m.a.RequestMappingHandlerMapping : Mapped to com.gulsahduzgun.todo.controller.api.impl.TaskApi#taskList()
2024-08-04T00:05:35.347+05:30  INFO 22980 --- [http-nio-4445-exec-9] c.g.t.b.services.impl.TaskServicesImpl   :  Category Name Listesi: 6
2024-08-04T00:05:35.347+05:30 DEBUG 22980 --- [http-nio-4445-exec-9] o.s.w.s.m.m.a.HttpEntityMethodProcessor  : Using 'application/json', given [*/*] and supported [application/json, application/*+json]
2024-08-04T00:05:35.347+05:30 DEBUG 22980 --- [http-nio-4445-exec-9] o.s.w.s.m.m.a.HttpEntityMethodProcessor  : Writing [[TaskDto(taskID=1, systemCreatedDate=Sun Aug 04 00:05:35 IST 2024, statusName=Done, task=week-1, tas (truncated)...]
2024-08-04T00:05:35.348+05:30 DEBUG 22980 --- [http-nio-4445-exec-9] o.s.web.servlet.DispatcherServlet        : Completed 200 OK
2024-08-04T00:10:50.845+05:30 DEBUG 22980 --- [http-nio-4445-exec-5] o.s.web.servlet.DispatcherServlet        : GET "/task/api/v1/list", parameters={}
2024-08-04T00:10:50.846+05:30 DEBUG 22980 --- [http-nio-4445-exec-5] s.w.s.m.m.a.RequestMappingHandlerMapping : Mapped to com.gulsahduzgun.todo.controller.api.impl.TaskApi#taskList()
2024-08-04T00:10:50.849+05:30  INFO 22980 --- [http-nio-4445-exec-5] c.g.t.b.services.impl.TaskServicesImpl   :  Category Name Listesi: 6
2024-08-04T00:10:50.850+05:30 DEBUG 22980 --- [http-nio-4445-exec-5] o.s.w.s.m.m.a.HttpEntityMethodProcessor  : Using 'application/json', given [*/*] and supported [application/json, application/*+json]
2024-08-04T00:10:50.850+05:30 DEBUG 22980 --- [http-nio-4445-exec-5] o.s.w.s.m.m.a.HttpEntityMethodProcessor  : Writing [[TaskDto(taskID=1, systemCreatedDate=Sun Aug 04 00:10:50 IST 2024, statusName=Done, task=week-1, tas (truncated)...]
2024-08-04T00:10:50.851+05:30 DEBUG 22980 --- [http-nio-4445-exec-5] o.s.web.servlet.DispatcherServlet        : Completed 200 OK
2024-08-04T00:10:55.013+05:30 DEBUG 22980 --- [http-nio-4445-exec-4] o.s.web.servlet.DispatcherServlet        : GET "/task/api/v1/list", parameters={}
2024-08-04T00:10:55.014+05:30 DEBUG 22980 --- [http-nio-4445-exec-4] s.w.s.m.m.a.RequestMappingHandlerMapping : Mapped to com.gulsahduzgun.todo.controller.api.impl.TaskApi#taskList()
2024-08-04T00:10:55.017+05:30  INFO 22980 --- [http-nio-4445-exec-4] c.g.t.b.services.impl.TaskServicesImpl   :  Category Name Listesi: 6
2024-08-04T00:10:55.017+05:30 DEBUG 22980 --- [http-nio-4445-exec-4] o.s.w.s.m.m.a.HttpEntityMethodProcessor  : Using 'application/json', given [*/*] and supported [application/json, application/*+json]
2024-08-04T00:10:55.018+05:30 DEBUG 22980 --- [http-nio-4445-exec-4] o.s.w.s.m.m.a.HttpEntityMethodProcessor  : Writing [[TaskDto(taskID=1, systemCreatedDate=Sun Aug 04 00:10:55 IST 2024, statusName=Done, task=week-1, tas (truncated)...]
2024-08-04T00:10:55.019+05:30 DEBUG 22980 --- [http-nio-4445-exec-4] o.s.web.servlet.DispatcherServlet        : Completed 200 OK
2024-08-04T00:11:32.644+05:30 DEBUG 22980 --- [http-nio-4445-exec-1] o.s.web.servlet.DispatcherServlet        : GET "/task/api/v1/list", parameters={}
2024-08-04T00:11:32.644+05:30 DEBUG 22980 --- [http-nio-4445-exec-1] s.w.s.m.m.a.RequestMappingHandlerMapping : Mapped to com.gulsahduzgun.todo.controller.api.impl.TaskApi#taskList()
2024-08-04T00:11:32.647+05:30  INFO 22980 --- [http-nio-4445-exec-1] c.g.t.b.services.impl.TaskServicesImpl   :  Category Name Listesi: 6
2024-08-04T00:11:32.647+05:30 DEBUG 22980 --- [http-nio-4445-exec-1] o.s.w.s.m.m.a.HttpEntityMethodProcessor  : Using 'application/json', given [*/*] and supported [application/json, application/*+json]
2024-08-04T00:11:32.648+05:30 DEBUG 22980 --- [http-nio-4445-exec-1] o.s.w.s.m.m.a.HttpEntityMethodProcessor  : Writing [[TaskDto(taskID=1, systemCreatedDate=Sun Aug 04 00:11:32 IST 2024, statusName=Done, task=week-1, tas (truncated)...]
2024-08-04T00:11:32.649+05:30 DEBUG 22980 --- [http-nio-4445-exec-1] o.s.web.servlet.DispatcherServlet        : Completed 200 OK
2024-08-04T00:12:23.161+05:30 DEBUG 22980 --- [http-nio-4445-exec-8] o.s.web.servlet.DispatcherServlet        : GET "/task/api/v1/list", parameters={}
2024-08-04T00:12:23.162+05:30 DEBUG 22980 --- [http-nio-4445-exec-8] s.w.s.m.m.a.RequestMappingHandlerMapping : Mapped to com.gulsahduzgun.todo.controller.api.impl.TaskApi#taskList()
2024-08-04T00:12:23.164+05:30  INFO 22980 --- [http-nio-4445-exec-8] c.g.t.b.services.impl.TaskServicesImpl   :  Category Name Listesi: 6
2024-08-04T00:12:23.164+05:30 DEBUG 22980 --- [http-nio-4445-exec-8] o.s.w.s.m.m.a.HttpEntityMethodProcessor  : Using 'application/json', given [*/*] and supported [application/json, application/*+json]
2024-08-04T00:12:23.164+05:30 DEBUG 22980 --- [http-nio-4445-exec-8] o.s.w.s.m.m.a.HttpEntityMethodProcessor  : Writing [[TaskDto(taskID=1, systemCreatedDate=Sun Aug 04 00:12:23 IST 2024, statusName=Done, task=week-1, tas (truncated)...]
2024-08-04T00:12:23.165+05:30 DEBUG 22980 --- [http-nio-4445-exec-8] o.s.web.servlet.DispatcherServlet        : Completed 200 OK
2024-08-04T00:14:07.241+05:30 DEBUG 22980 --- [http-nio-4445-exec-3] o.s.web.servlet.DispatcherServlet        : GET "/task/api/v1/list", parameters={}
2024-08-04T00:14:07.242+05:30 DEBUG 22980 --- [http-nio-4445-exec-3] s.w.s.m.m.a.RequestMappingHandlerMapping : Mapped to com.gulsahduzgun.todo.controller.api.impl.TaskApi#taskList()
2024-08-04T00:14:07.245+05:30  INFO 22980 --- [http-nio-4445-exec-3] c.g.t.b.services.impl.TaskServicesImpl   :  Category Name Listesi: 6
2024-08-04T00:14:07.246+05:30 DEBUG 22980 --- [http-nio-4445-exec-3] o.s.w.s.m.m.a.HttpEntityMethodProcessor  : Using 'application/json', given [*/*] and supported [application/json, application/*+json]
2024-08-04T00:14:07.246+05:30 DEBUG 22980 --- [http-nio-4445-exec-3] o.s.w.s.m.m.a.HttpEntityMethodProcessor  : Writing [[TaskDto(taskID=1, systemCreatedDate=Sun Aug 04 00:14:07 IST 2024, statusName=Done, task=week-1, tas (truncated)...]
2024-08-04T00:14:07.247+05:30 DEBUG 22980 --- [http-nio-4445-exec-3] o.s.web.servlet.DispatcherServlet        : Completed 200 OK
2024-08-04T00:16:51.022+05:30 DEBUG 22980 --- [http-nio-4445-exec-6] o.s.web.servlet.DispatcherServlet        : GET "/task/api/v1/list", parameters={}
2024-08-04T00:16:51.022+05:30 DEBUG 22980 --- [http-nio-4445-exec-6] s.w.s.m.m.a.RequestMappingHandlerMapping : Mapped to com.gulsahduzgun.todo.controller.api.impl.TaskApi#taskList()
2024-08-04T00:16:51.026+05:30  INFO 22980 --- [http-nio-4445-exec-6] c.g.t.b.services.impl.TaskServicesImpl   :  Category Name Listesi: 6
2024-08-04T00:16:51.027+05:30 DEBUG 22980 --- [http-nio-4445-exec-6] o.s.w.s.m.m.a.HttpEntityMethodProcessor  : Using 'application/json', given [*/*] and supported [application/json, application/*+json]
2024-08-04T00:16:51.027+05:30 DEBUG 22980 --- [http-nio-4445-exec-6] o.s.w.s.m.m.a.HttpEntityMethodProcessor  : Writing [[TaskDto(taskID=1, systemCreatedDate=Sun Aug 04 00:16:51 IST 2024, statusName=Done, task=week-1, tas (truncated)...]
2024-08-04T00:16:51.028+05:30 DEBUG 22980 --- [http-nio-4445-exec-6] o.s.web.servlet.DispatcherServlet        : Completed 200 OK
2024-08-04T00:27:12.431+05:30 DEBUG 22980 --- [http-nio-4445-exec-2] o.s.web.servlet.DispatcherServlet        : GET "/task/api/v1/list", parameters={}
2024-08-04T00:27:12.431+05:30 DEBUG 22980 --- [http-nio-4445-exec-2] s.w.s.m.m.a.RequestMappingHandlerMapping : Mapped to com.gulsahduzgun.todo.controller.api.impl.TaskApi#taskList()
2024-08-04T00:27:12.436+05:30  INFO 22980 --- [http-nio-4445-exec-2] c.g.t.b.services.impl.TaskServicesImpl   :  Category Name Listesi: 6
2024-08-04T00:27:12.437+05:30 DEBUG 22980 --- [http-nio-4445-exec-2] o.s.w.s.m.m.a.HttpEntityMethodProcessor  : Using 'application/json', given [*/*] and supported [application/json, application/*+json]
2024-08-04T00:27:12.437+05:30 DEBUG 22980 --- [http-nio-4445-exec-2] o.s.w.s.m.m.a.HttpEntityMethodProcessor  : Writing [[TaskDto(taskID=1, systemCreatedDate=Sun Aug 04 00:27:12 IST 2024, statusName=Done, task=week-1, tas (truncated)...]
2024-08-04T00:27:12.438+05:30 DEBUG 22980 --- [http-nio-4445-exec-2] o.s.web.servlet.DispatcherServlet        : Completed 200 OK
2024-08-04T00:30:06.310+05:30 DEBUG 22980 --- [http-nio-4445-exec-4] o.s.web.servlet.DispatcherServlet        : GET "/task/api/v1/list", parameters={}
2024-08-04T00:30:06.310+05:30 DEBUG 22980 --- [http-nio-4445-exec-4] s.w.s.m.m.a.RequestMappingHandlerMapping : Mapped to com.gulsahduzgun.todo.controller.api.impl.TaskApi#taskList()
2024-08-04T00:30:06.314+05:30  INFO 22980 --- [http-nio-4445-exec-4] c.g.t.b.services.impl.TaskServicesImpl   :  Category Name Listesi: 6
2024-08-04T00:30:06.314+05:30 DEBUG 22980 --- [http-nio-4445-exec-4] o.s.w.s.m.m.a.HttpEntityMethodProcessor  : Using 'application/json', given [*/*] and supported [application/json, application/*+json]
2024-08-04T00:30:06.314+05:30 DEBUG 22980 --- [http-nio-4445-exec-4] o.s.w.s.m.m.a.HttpEntityMethodProcessor  : Writing [[TaskDto(taskID=1, systemCreatedDate=Sun Aug 04 00:30:06 IST 2024, statusName=Done, task=week-1, tas (truncated)...]
2024-08-04T00:30:06.315+05:30 DEBUG 22980 --- [http-nio-4445-exec-4] o.s.web.servlet.DispatcherServlet        : Completed 200 OK
